<?xml version="1.0" encoding="UTF-8"?>
<!-- Generated by org.testng.reporters.JUnitReportReporter -->
<testsuite hostname="KGML002" name="com.kagami.uiTests.DemoAUT" tests="1" failures="0" timestamp="4 Aug 2016 12:44:47 GMT" time="0.002" errors="0">
  <testcase name="print" time="0.002" classname="com.kagami.uiTests.DemoAUT"/>
</testsuite> <!-- com.kagami.uiTests.DemoAUT -->
