<?xml version="1.0" encoding="UTF-8"?>
<!-- Generated by org.testng.reporters.JUnitReportReporter -->
<testsuite hostname="KGML002" name="com.kagami.library.datePicker" tests="1" failures="0" timestamp="10 Aug 2016 05:18:06 GMT" time="13.755" errors="0">
  <testcase name="pickExpDate" time="13.755" classname="com.kagami.library.datePicker"/>
</testsuite> <!-- com.kagami.library.datePicker -->
