<?xml version="1.0" encoding="UTF-8"?>
<!-- Generated by org.testng.reporters.JUnitReportReporter -->
<testsuite hostname="KGML002" name="com.kagami.functionaltest.DemoAUT2" tests="1" failures="0" timestamp="5 Aug 2016 10:30:53 GMT" time="0.001" errors="0">
  <testcase name="print" time="0.001" classname="com.kagami.functionaltest.DemoAUT2"/>
</testsuite> <!-- com.kagami.functionaltest.DemoAUT2 -->
