<?xml version="1.0" encoding="UTF-8"?>
<!-- Generated by org.testng.reporters.JUnitReportReporter -->
<testsuite hostname="KGML002" name="com.kagami.testsuite2.Class2" tests="1" failures="0" timestamp="11 Aug 2016 07:24:20 GMT" time="0.001" errors="0">
  <testcase name="class2" time="0.001" classname="com.kagami.testsuite2.Class2"/>
</testsuite> <!-- com.kagami.testsuite2.Class2 -->
