<?xml version="1.0" encoding="UTF-8"?>
<!-- Generated by org.testng.reporters.JUnitReportReporter -->
<testsuite hostname="KGML002" name="com.kagami.pagerepo.Testme" tests="1" failures="0" timestamp="26 Jul 2016 09:48:21 GMT" time="17.738" errors="0">
  <testcase name="test" time="17.738" classname="com.kagami.pagerepo.Testme"/>
</testsuite> <!-- com.kagami.pagerepo.Testme -->
