<?xml version="1.0" encoding="UTF-8"?>
<!-- Generated by org.testng.reporters.JUnitReportReporter -->
<testsuite hostname="KGML002" name="com.kagami.functionaltest.Demo2" tests="1" failures="0" timestamp="11 Aug 2016 06:34:35 GMT" time="5.107" errors="0">
  <testcase name="login" time="5.107" classname="com.kagami.functionaltest.Demo2"/>
</testsuite> <!-- com.kagami.functionaltest.Demo2 -->
