<?xml version="1.0" encoding="UTF-8"?>
<!-- Generated by org.testng.reporters.JUnitReportReporter -->
<testsuite hostname="KGML002" name="com.kagami.uiTests.SC_001" tests="1" failures="0" timestamp="26 Jul 2016 11:26:25 GMT" time="3.919" errors="0">
  <testcase name="UiTc_01" time="3.919" classname="com.kagami.uiTests.SC_001"/>
</testsuite> <!-- com.kagami.uiTests.SC_001 -->
