<?xml version="1.0" encoding="UTF-8"?>
<!-- Generated by org.testng.reporters.JUnitReportReporter -->
<testsuite hostname="KGM032" name="com.kagami.library.datePicker" tests="1" failures="0" timestamp="4 Aug 2016 09:41:42 GMT" time="14.361" errors="0">
  <testcase name="pickExpDate" time="14.361" classname="com.kagami.library.datePicker"/>
</testsuite> <!-- com.kagami.library.datePicker -->
