<?xml version="1.0" encoding="UTF-8"?>
<!-- Generated by org.testng.reporters.JUnitReportReporter -->
<testsuite hostname="KGML002" name="com.kagami.uiTests.Demo3" tests="1" failures="0" timestamp="10 Aug 2016 13:57:50 GMT" time="0.001" errors="0">
  <testcase name="demo3" time="0.001" classname="com.kagami.uiTests.Demo3"/>
</testsuite> <!-- com.kagami.uiTests.Demo3 -->
