<?xml version="1.0" encoding="UTF-8"?>
<!-- Generated by org.testng.reporters.JUnitReportReporter -->
<testsuite hostname="KGML002" name="com.kagami.uiTests.DemoAUT4" tests="1" failures="0" timestamp="9 Aug 2016 15:36:19 GMT" time="0.000" errors="0">
  <testcase name="demoAut4" time="0.000" classname="com.kagami.uiTests.DemoAUT4"/>
</testsuite> <!-- com.kagami.uiTests.DemoAUT4 -->
