<?xml version="1.0" encoding="UTF-8"?>
<!-- Generated by org.testng.reporters.JUnitReportReporter -->
<testsuite hostname="KGML002" name="com.kagami.library.datePicker" tests="1" failures="0" timestamp="2 Aug 2016 09:27:28 GMT" time="15.831" errors="0">
  <testcase name="pickExpDate" time="15.831" classname="com.kagami.library.datePicker"/>
</testsuite> <!-- com.kagami.library.datePicker -->
