<?xml version="1.0" encoding="UTF-8"?>
<!-- Generated by org.testng.reporters.JUnitReportReporter -->
<testsuite hostname="KGML002" name="com.kagami.uiTests.DemoAUT3" tests="1" failures="0" timestamp="9 Aug 2016 12:24:25 GMT" time="0.001" errors="0">
  <testcase name="demoAut3" time="0.001" classname="com.kagami.uiTests.DemoAUT3"/>
</testsuite> <!-- com.kagami.uiTests.DemoAUT3 -->
