<?xml version="1.0" encoding="UTF-8"?>
<!-- Generated by org.testng.reporters.JUnitReportReporter -->
<testsuite hostname="KGML002" name="com.kagami.pagerepo.TestCount" tests="5" failures="0" timestamp="26 Jul 2016 09:46:50 GMT" time="0.027" errors="0">
  <testcase name="test3" time="0.004" classname="com.kagami.pagerepo.TestCount"/>
  <testcase name="test1" time="0.013" classname="com.kagami.pagerepo.TestCount"/>
  <testcase name="test4" time="0.002" classname="com.kagami.pagerepo.TestCount"/>
  <testcase name="test5" time="0.004" classname="com.kagami.pagerepo.TestCount"/>
  <testcase name="test2" time="0.004" classname="com.kagami.pagerepo.TestCount"/>
</testsuite> <!-- com.kagami.pagerepo.TestCount -->
