<?xml version="1.0" encoding="UTF-8"?>
<!-- Generated by org.testng.reporters.JUnitReportReporter -->
<testsuite hostname="KGML002" name="com.kagami.library.datePicker" tests="1" failures="0" timestamp="8 Aug 2016 10:48:43 GMT" time="14.034" errors="0">
  <testcase name="pickExpDate" time="14.034" classname="com.kagami.library.datePicker"/>
</testsuite> <!-- com.kagami.library.datePicker -->
