<?xml version="1.0" encoding="UTF-8"?>
<!-- Generated by org.testng.reporters.JUnitReportReporter -->
<testsuite hostname="KGML002" name="com.kagami.testsuite1.Class1" tests="1" failures="0" timestamp="11 Aug 2016 07:24:20 GMT" time="0.010" errors="0">
  <testcase name="class1" time="0.010" classname="com.kagami.testsuite1.Class1"/>
</testsuite> <!-- com.kagami.testsuite1.Class1 -->
