<?xml version="1.0" encoding="UTF-8"?>
<!-- Generated by org.testng.reporters.JUnitReportReporter -->
<testsuite hostname="KGML002" name="com.kagami.uiTests.testExcelsheetReader" tests="1" failures="0" timestamp="3 Aug 2016 11:23:02 GMT" time="0.072" errors="0">
  <testcase name="readDataFromExcel" time="0.072" classname="com.kagami.uiTests.testExcelsheetReader"/>
</testsuite> <!-- com.kagami.uiTests.testExcelsheetReader -->
