<?xml version="1.0" encoding="UTF-8"?>
<!-- Generated by org.testng.reporters.JUnitReportReporter -->
<testsuite hostname="KGML002" name="com.kagami.library.datePicker" tests="1" failures="0" timestamp="1 Aug 2016 09:24:46 GMT" time="22.961" errors="0">
  <testcase name="pickExpDate" time="22.961" classname="com.kagami.library.datePicker"/>
</testsuite> <!-- com.kagami.library.datePicker -->
