<?xml version="1.0" encoding="UTF-8"?>
<!-- Generated by org.testng.reporters.JUnitReportReporter -->
<testsuite hostname="KGML002" name="com.kagami.functionaltest.Demo1" tests="1" failures="0" timestamp="9 Aug 2016 12:24:25 GMT" time="0.003" errors="0">
  <testcase name="print" time="0.003" classname="com.kagami.functionaltest.Demo1"/>
</testsuite> <!-- com.kagami.functionaltest.Demo1 -->
