<?xml version="1.0" encoding="UTF-8"?>
<!-- Generated by org.testng.reporters.JUnitReportReporter -->
<testsuite hostname="KGML002" name="com.kagami.functionaltest.Demo1" tests="1" failures="0" timestamp="11 Aug 2016 05:56:55 GMT" time="0.007" errors="0">
  <testcase name="print" time="0.007" classname="com.kagami.functionaltest.Demo1"/>
</testsuite> <!-- com.kagami.functionaltest.Demo1 -->
